<?xml version="1.0" encoding="UTF-8"?>
<testng-results ignored="0" total="10" passed="9" failed="1" skipped="0">
  <reporter-output>
  </reporter-output>
  <suite started-at="2023-12-20T20:10:02 CET" name="Default suite" finished-at="2023-12-20T20:10:53 CET" duration-ms="51708">
    <groups>
      <group name="cucumber">
        <method signature="AbstractTestNGCucumberTests.runScenario(io.cucumber.testng.PickleWrapper,io.cucumber.testng.FeatureWrapper)[pri:0, instance:runner.TestngTestRunner@185a6e9]" name="runScenario" class="io.cucumber.testng.AbstractTestNGCucumberTests"/>
      </group> <!-- cucumber -->
    </groups>
    <test started-at="2023-12-20T20:10:02 CET" name="Default test" finished-at="2023-12-20T20:10:53 CET" duration-ms="51708">
      <class name="runner.TestngTestRunner">
        <test-method is-config="true" signature="setUpClass(org.testng.ITestContext)[pri:0, instance:runner.TestngTestRunner@185a6e9]" started-at="2023-12-20T20:10:02 CET" name="setUpClass" finished-at="2023-12-20T20:10:03 CET" duration-ms="1017" status="PASS">
          <params>
            <param index="0">
              <value>
                <![CDATA[org.testng.TestRunner@6a0e97fc]]>
              </value>
            </param>
          </params>
          <reporter-output>
          </reporter-output>
        </test-method> <!-- setUpClass -->
        <test-method signature="runScenario(io.cucumber.testng.PickleWrapper,io.cucumber.testng.FeatureWrapper)[pri:0, instance:runner.TestngTestRunner@185a6e9]" started-at="2023-12-20T20:10:03 CET" name="runScenario" description="Runs Cucumber Scenarios" data-provider="scenarios" finished-at="2023-12-20T20:10:06 CET" duration-ms="3315" status="FAIL">
          <params>
            <param index="0">
              <value>
                <![CDATA["Check if duplicate tasks can be added"]]>
              </value>
            </param>
            <param index="1">
              <value>
                <![CDATA["Validate Negative scenarios for the TODO app"]]>
              </value>
            </param>
          </params>
          <exception class="java.lang.AssertionError">
            <message>
              <![CDATA[did not expect [2] but found [2]]]>
            </message>
            <full-stacktrace>
              <![CDATA[java.lang.AssertionError: did not expect [2] but found [2]
at org.testng.Assert.fail(Assert.java:111)
at org.testng.Assert.failEquals(Assert.java:1582)
at org.testng.Assert.assertNotEqualsImpl(Assert.java:157)
at org.testng.Assert.assertNotEquals(Assert.java:2198)
at org.testng.Assert.assertNotEquals(Assert.java:2220)
at stepDefinitions.ToDoHomePageStepDefinition.duplicateTasks(ToDoHomePageStepDefinition.java:112)
at ✽.Check if 2 Duplicate tasks are added(file:///C:/Users/vigne/Desktop/WoltersKluwers/ToDo/src/test/java/features/NegativeScenarios.feature:10)
]]>
            </full-stacktrace>
          </exception> <!-- java.lang.AssertionError -->
          <reporter-output>
          </reporter-output>
        </test-method> <!-- runScenario -->
        <test-method signature="runScenario(io.cucumber.testng.PickleWrapper,io.cucumber.testng.FeatureWrapper)[pri:0, instance:runner.TestngTestRunner@185a6e9]" started-at="2023-12-20T20:10:06 CET" name="runScenario" description="Runs Cucumber Scenarios" data-provider="scenarios" finished-at="2023-12-20T20:10:13 CET" duration-ms="6591" status="PASS">
          <params>
            <param index="0">
              <value>
                <![CDATA["Check if blank characters, spaces can be added to todo tasks"]]>
              </value>
            </param>
            <param index="1">
              <value>
                <![CDATA["Validate Negative scenarios for the TODO app"]]>
              </value>
            </param>
          </params>
          <reporter-output>
          </reporter-output>
        </test-method> <!-- runScenario -->
        <test-method signature="runScenario(io.cucumber.testng.PickleWrapper,io.cucumber.testng.FeatureWrapper)[pri:0, instance:runner.TestngTestRunner@185a6e9]" started-at="2023-12-20T20:10:13 CET" name="runScenario" description="Runs Cucumber Scenarios" data-provider="scenarios" finished-at="2023-12-20T20:10:15 CET" duration-ms="1917" status="PASS">
          <params>
            <param index="0">
              <value>
                <![CDATA["Check Minimum and Maximum characters input to the todo app"]]>
              </value>
            </param>
            <param index="1">
              <value>
                <![CDATA["Validate Negative scenarios for the TODO app"]]>
              </value>
            </param>
          </params>
          <reporter-output>
          </reporter-output>
        </test-method> <!-- runScenario -->
        <test-method signature="runScenario(io.cucumber.testng.PickleWrapper,io.cucumber.testng.FeatureWrapper)[pri:0, instance:runner.TestngTestRunner@185a6e9]" started-at="2023-12-20T20:10:15 CET" name="runScenario" description="Runs Cucumber Scenarios" data-provider="scenarios" finished-at="2023-12-20T20:10:23 CET" duration-ms="8108" status="PASS">
          <params>
            <param index="0">
              <value>
                <![CDATA["Refreshing browser window holds the data entered"]]>
              </value>
            </param>
            <param index="1">
              <value>
                <![CDATA["Validate Negative scenarios for the TODO app"]]>
              </value>
            </param>
          </params>
          <reporter-output>
          </reporter-output>
        </test-method> <!-- runScenario -->
        <test-method signature="runScenario(io.cucumber.testng.PickleWrapper,io.cucumber.testng.FeatureWrapper)[pri:0, instance:runner.TestngTestRunner@185a6e9]" started-at="2023-12-20T20:10:23 CET" name="runScenario" description="Runs Cucumber Scenarios" data-provider="scenarios" finished-at="2023-12-20T20:10:25 CET" duration-ms="2308" status="PASS">
          <params>
            <param index="0">
              <value>
                <![CDATA["Validate the UI , Header, InputBox & Footer links"]]>
              </value>
            </param>
            <param index="1">
              <value>
                <![CDATA["Validate Positive E2E scenarios & functionalities of the TODO app"]]>
              </value>
            </param>
          </params>
          <reporter-output>
          </reporter-output>
        </test-method> <!-- runScenario -->
        <test-method signature="runScenario(io.cucumber.testng.PickleWrapper,io.cucumber.testng.FeatureWrapper)[pri:0, instance:runner.TestngTestRunner@185a6e9]" started-at="2023-12-20T20:10:25 CET" name="runScenario" description="Runs Cucumber Scenarios" data-provider="scenarios" finished-at="2023-12-20T20:10:27 CET" duration-ms="2124" status="PASS">
          <params>
            <param index="0">
              <value>
                <![CDATA["Add tasks to the app and validate the count of tasks to be done"]]>
              </value>
            </param>
            <param index="1">
              <value>
                <![CDATA["Validate Positive E2E scenarios & functionalities of the TODO app"]]>
              </value>
            </param>
          </params>
          <reporter-output>
          </reporter-output>
        </test-method> <!-- runScenario -->
        <test-method signature="runScenario(io.cucumber.testng.PickleWrapper,io.cucumber.testng.FeatureWrapper)[pri:0, instance:runner.TestngTestRunner@185a6e9]" started-at="2023-12-20T20:10:27 CET" name="runScenario" description="Runs Cucumber Scenarios" data-provider="scenarios" finished-at="2023-12-20T20:10:36 CET" duration-ms="8434" status="PASS">
          <params>
            <param index="0">
              <value>
                <![CDATA["Check if the tasks can be deleted using cross button"]]>
              </value>
            </param>
            <param index="1">
              <value>
                <![CDATA["Validate Positive E2E scenarios & functionalities of the TODO app"]]>
              </value>
            </param>
          </params>
          <reporter-output>
          </reporter-output>
        </test-method> <!-- runScenario -->
        <test-method signature="runScenario(io.cucumber.testng.PickleWrapper,io.cucumber.testng.FeatureWrapper)[pri:0, instance:runner.TestngTestRunner@185a6e9]" started-at="2023-12-20T20:10:36 CET" name="runScenario" description="Runs Cucumber Scenarios" data-provider="scenarios" finished-at="2023-12-20T20:10:38 CET" duration-ms="2490" status="PASS">
          <params>
            <param index="0">
              <value>
                <![CDATA["Check if the tasks can be marked done using toggle button"]]>
              </value>
            </param>
            <param index="1">
              <value>
                <![CDATA["Validate Positive E2E scenarios & functionalities of the TODO app"]]>
              </value>
            </param>
          </params>
          <reporter-output>
          </reporter-output>
        </test-method> <!-- runScenario -->
        <test-method signature="runScenario(io.cucumber.testng.PickleWrapper,io.cucumber.testng.FeatureWrapper)[pri:0, instance:runner.TestngTestRunner@185a6e9]" started-at="2023-12-20T20:10:38 CET" name="runScenario" description="Runs Cucumber Scenarios" data-provider="scenarios" finished-at="2023-12-20T20:10:50 CET" duration-ms="12373" status="PASS">
          <params>
            <param index="0">
              <value>
                <![CDATA["Checks if the tasks completed can be Cleared"]]>
              </value>
            </param>
            <param index="1">
              <value>
                <![CDATA["Validate Positive E2E scenarios & functionalities of the TODO app"]]>
              </value>
            </param>
          </params>
          <reporter-output>
          </reporter-output>
        </test-method> <!-- runScenario -->
        <test-method signature="runScenario(io.cucumber.testng.PickleWrapper,io.cucumber.testng.FeatureWrapper)[pri:0, instance:runner.TestngTestRunner@185a6e9]" started-at="2023-12-20T20:10:50 CET" name="runScenario" description="Runs Cucumber Scenarios" data-provider="scenarios" finished-at="2023-12-20T20:10:53 CET" duration-ms="2590" status="PASS">
          <params>
            <param index="0">
              <value>
                <![CDATA["Check if a done task can be unchecked and change reflects"]]>
              </value>
            </param>
            <param index="1">
              <value>
                <![CDATA["Validate Positive E2E scenarios & functionalities of the TODO app"]]>
              </value>
            </param>
          </params>
          <reporter-output>
          </reporter-output>
        </test-method> <!-- runScenario -->
        <test-method is-config="true" signature="tearDownClass()[pri:0, instance:runner.TestngTestRunner@185a6e9]" started-at="2023-12-20T20:10:53 CET" name="tearDownClass" finished-at="2023-12-20T20:10:53 CET" duration-ms="376" status="PASS">
          <reporter-output>
          </reporter-output>
        </test-method> <!-- tearDownClass -->
      </class> <!-- runner.TestngTestRunner -->
    </test> <!-- Default test -->
  </suite> <!-- Default suite -->
</testng-results>
