<?xml version="1.0" encoding="UTF-8"?>
<!-- Generated by org.testng.reporters.JUnitReportReporter -->
<testsuite hostname="Sanjay" failures="1" tests="10" name="runner.TestngTestRunner" time="49.596" errors="0" timestamp="2023-12-20T19:23:07 CET" skipped="0">
  <testcase classname="runner.TestngTestRunner" name="runScenario" time="8.396"/>
  <testcase classname="runner.TestngTestRunner" name="runScenario" time="2.366"/>
  <testcase classname="runner.TestngTestRunner" name="runScenario" time="6.531"/>
  <testcase classname="runner.TestngTestRunner" name="runScenario" time="8.069"/>
  <testcase classname="runner.TestngTestRunner" name="runScenario" time="1.870"/>
  <testcase classname="runner.TestngTestRunner" name="runScenario" time="2.098"/>
  <testcase classname="runner.TestngTestRunner" name="runScenario" time="2.083"/>
  <testcase classname="runner.TestngTestRunner" name="runScenario" time="2.529"/>
  <testcase classname="runner.TestngTestRunner" name="runScenario" time="12.499"/>
  <testcase classname="runner.TestngTestRunner" name="runScenario" time="3.155">
    <failure message="Values should be different. Actual: 2" type="java.lang.AssertionError">
      <![CDATA[java.lang.AssertionError: Values should be different. Actual: 2
at org.junit.Assert.fail(Assert.java:89)
at org.junit.Assert.failEquals(Assert.java:187)
at org.junit.Assert.assertNotEquals(Assert.java:163)
at org.junit.Assert.assertNotEquals(Assert.java:177)
at stepDefinitions.ToDoHomePageStepDefinition.duplicateTasks(ToDoHomePageStepDefinition.java:111)
at ✽.Check if 2 Duplicate tasks are added(file:///C:/Users/vigne/Desktop/WoltersKluwers/ToDo/src/test/java/features/NegativeScenarios.feature:10)
]]>
    </failure>
  </testcase> <!-- runScenario -->
</testsuite> <!-- runner.TestngTestRunner -->
